<?xml version="1.0" encoding="UTF-8"?>
<coverage generated="1775903206754" clover="3.2.0">
  <project timestamp="1775903206754" name="All files">
    <metrics statements="22" coveredstatements="22" conditionals="10" coveredconditionals="10" methods="7" coveredmethods="6" elements="39" coveredelements="38" complexity="0" loc="22" ncloc="22" packages="1" files="1" classes="1"/>
    <file name="api.ts" path="/Users/nguyenhuyhoang/OtherProjects/lamdba-test-mcp/src/api.ts">
      <metrics statements="22" coveredstatements="22" conditionals="10" coveredconditionals="10" methods="7" coveredmethods="6"/>
      <line num="1" count="2" type="stmt"/>
      <line num="33" count="1" type="stmt"/>
      <line num="37" count="7" type="stmt"/>
      <line num="40" count="7" type="stmt"/>
      <line num="41" count="7" type="cond" truecount="2" falsecount="0"/>
      <line num="42" count="2" type="cond" truecount="2" falsecount="0"/>
      <line num="43" count="2" type="stmt"/>
      <line num="45" count="5" type="cond" truecount="2" falsecount="0"/>
      <line num="46" count="1" type="stmt"/>
      <line num="48" count="4" type="stmt"/>
      <line num="49" count="4" type="stmt"/>
      <line num="51" count="1" type="stmt"/>
      <line num="56" count="2" type="stmt"/>
      <line num="59" count="2" type="stmt"/>
      <line num="60" count="2" type="cond" truecount="2" falsecount="0"/>
      <line num="61" count="1" type="stmt"/>
      <line num="63" count="1" type="stmt"/>
      <line num="68" count="4" type="stmt"/>
      <line num="69" count="2" type="cond" truecount="2" falsecount="0"/>
      <line num="73" count="1" type="stmt"/>
      <line num="74" count="1" type="stmt"/>
      <line num="78" count="2" type="stmt"/>
    </file>
  </project>
</coverage>
