{"/Users/nguyenhuyhoang/OtherProjects/lamdba-test-mcp/src/api.ts": {"path":"/Users/nguyenhuyhoang/OtherProjects/lamdba-test-mcp/src/api.ts","statementMap":{"0":{"start":{"line":1,"column":20},"end":{"line":1,"column":80}},"1":{"start":{"line":33,"column":4},"end":{"line":33,"column":92}},"2":{"start":{"line":37,"column":16},"end":{"line":39,"column":6}},"3":{"start":{"line":40,"column":17},"end":{"line":40,"column":49}},"4":{"start":{"line":40,"column":46},"end":{"line":40,"column":48}},"5":{"start":{"line":41,"column":4},"end":{"line":44,"column":5}},"6":{"start":{"line":42,"column":6},"end":{"line":42,"column":80}},"7":{"start":{"line":42,"column":16},"end":{"line":42,"column":80}},"8":{"start":{"line":43,"column":6},"end":{"line":43,"column":73}},"9":{"start":{"line":45,"column":4},"end":{"line":45,"column":33}},"10":{"start":{"line":49,"column":16},"end":{"line":51,"column":6}},"11":{"start":{"line":52,"column":17},"end":{"line":52,"column":33}},"12":{"start":{"line":53,"column":4},"end":{"line":55,"column":5}},"13":{"start":{"line":54,"column":6},"end":{"line":54,"column":73}},"14":{"start":{"line":56,"column":4},"end":{"line":56,"column":16}},"15":{"start":{"line":61,"column":17},"end":{"line":61,"column":99}},"16":{"start":{"line":62,"column":4},"end":{"line":62,"column":34}},"17":{"start":{"line":66,"column":17},"end":{"line":66,"column":76}},"18":{"start":{"line":67,"column":4},"end":{"line":67,"column":21}},"19":{"start":{"line":71,"column":4},"end":{"line":71,"column":70}}},"fnMap":{"0":{"name":"(anonymous_0)","decl":{"start":{"line":32,"column":2},"end":{"line":32,"column":14}},"loc":{"start":{"line":32,"column":49},"end":{"line":34,"column":3}}},"1":{"name":"(anonymous_1)","decl":{"start":{"line":36,"column":10},"end":{"line":36,"column":15}},"loc":{"start":{"line":36,"column":35},"end":{"line":46,"column":3}}},"2":{"name":"(anonymous_2)","decl":{"start":{"line":40,"column":40},"end":{"line":40,"column":43}},"loc":{"start":{"line":40,"column":46},"end":{"line":40,"column":48}}},"3":{"name":"(anonymous_3)","decl":{"start":{"line":48,"column":10},"end":{"line":48,"column":15}},"loc":{"start":{"line":48,"column":36},"end":{"line":57,"column":3}}},"4":{"name":"(anonymous_4)","decl":{"start":{"line":59,"column":2},"end":{"line":59,"column":7}},"loc":{"start":{"line":59,"column":40},"end":{"line":63,"column":3}}},"5":{"name":"(anonymous_5)","decl":{"start":{"line":65,"column":2},"end":{"line":65,"column":7}},"loc":{"start":{"line":65,"column":36},"end":{"line":68,"column":3}}},"6":{"name":"(anonymous_6)","decl":{"start":{"line":70,"column":2},"end":{"line":70,"column":7}},"loc":{"start":{"line":70,"column":39},"end":{"line":72,"column":3}}}},"branchMap":{"0":{"loc":{"start":{"line":41,"column":4},"end":{"line":44,"column":5}},"type":"if","locations":[{"start":{"line":41,"column":4},"end":{"line":44,"column":5}},{"start":{},"end":{}}]},"1":{"loc":{"start":{"line":42,"column":6},"end":{"line":42,"column":80}},"type":"if","locations":[{"start":{"line":42,"column":6},"end":{"line":42,"column":80}},{"start":{},"end":{}}]},"2":{"loc":{"start":{"line":53,"column":4},"end":{"line":55,"column":5}},"type":"if","locations":[{"start":{"line":53,"column":4},"end":{"line":55,"column":5}},{"start":{},"end":{}}]},"3":{"loc":{"start":{"line":62,"column":11},"end":{"line":62,"column":33}},"type":"binary-expr","locations":[{"start":{"line":62,"column":11},"end":{"line":62,"column":27}},{"start":{"line":62,"column":31},"end":{"line":62,"column":33}}]}},"s":{"0":1,"1":1,"2":5,"3":5,"4":0,"5":5,"6":2,"7":1,"8":2,"9":3,"10":2,"11":2,"12":2,"13":1,"14":1,"15":4,"16":2,"17":1,"18":1,"19":2},"f":{"0":1,"1":5,"2":0,"3":2,"4":4,"5":1,"6":2},"b":{"0":[2,3],"1":[1,1],"2":[1,1],"3":[2,1]}}
}
