TN:
SF:src/api.ts
FN:32,(anonymous_0)
FN:36,(anonymous_1)
FN:40,(anonymous_2)
FN:55,(anonymous_3)
FN:66,(anonymous_4)
FN:72,(anonymous_5)
FN:77,(anonymous_6)
FNF:7
FNH:6
FNDA:1,(anonymous_0)
FNDA:7,(anonymous_1)
FNDA:0,(anonymous_2)
FNDA:2,(anonymous_3)
FNDA:4,(anonymous_4)
FNDA:1,(anonymous_5)
FNDA:2,(anonymous_6)
DA:1,2
DA:33,1
DA:37,7
DA:40,7
DA:41,7
DA:42,2
DA:43,2
DA:45,5
DA:46,1
DA:48,4
DA:49,4
DA:51,1
DA:56,2
DA:59,2
DA:60,2
DA:61,1
DA:63,1
DA:68,4
DA:69,2
DA:73,1
DA:74,1
DA:78,2
LF:22
LH:22
BRDA:41,0,0,2
BRDA:41,0,1,5
BRDA:42,1,0,1
BRDA:42,1,1,1
BRDA:45,2,0,1
BRDA:45,2,1,4
BRDA:60,3,0,1
BRDA:60,3,1,1
BRDA:69,4,0,2
BRDA:69,4,1,1
BRF:10
BRH:10
end_of_record
