TN:
SF:src/api.ts
FN:32,(anonymous_0)
FN:36,(anonymous_1)
FN:40,(anonymous_2)
FN:48,(anonymous_3)
FN:59,(anonymous_4)
FN:65,(anonymous_5)
FN:70,(anonymous_6)
FNF:7
FNH:6
FNDA:1,(anonymous_0)
FNDA:5,(anonymous_1)
FNDA:0,(anonymous_2)
FNDA:2,(anonymous_3)
FNDA:4,(anonymous_4)
FNDA:1,(anonymous_5)
FNDA:2,(anonymous_6)
DA:1,1
DA:33,1
DA:37,5
DA:40,5
DA:41,5
DA:42,2
DA:43,2
DA:45,3
DA:49,2
DA:52,2
DA:53,2
DA:54,1
DA:56,1
DA:61,4
DA:62,2
DA:66,1
DA:67,1
DA:71,2
LF:18
LH:18
BRDA:41,0,0,2
BRDA:41,0,1,3
BRDA:42,1,0,1
BRDA:42,1,1,1
BRDA:53,2,0,1
BRDA:53,2,1,1
BRDA:62,3,0,2
BRDA:62,3,1,1
BRF:8
BRH:8
end_of_record
